<?xml version="1.0" encoding="UTF-8"?>
<!-- Generated by org.testng.reporters.JUnitReportReporter -->
<testsuite hostname="DESKTOP-6A5B43O" failures="0" tests="1" name="com.amazon.Az" time="12.941" errors="0" timestamp="2024-11-27T16:32:48 IST" skipped="0">
  <testcase classname="com.amazon.Az" name="text2" time="12.941"/>
  <system-out/>
</testsuite> <!-- com.amazon.Az -->
