<?xml version="1.0" encoding="UTF-8"?>
<!-- Generated by org.testng.reporters.JUnitReportReporter -->
<testsuite hostname="DESKTOP-6A5B43O" failures="0" tests="3" name="com.tka.FirstTestNG" time="4.559" errors="0" timestamp="2024-11-27T12:14:33 IST" skipped="0">
  <testcase classname="com.tka.FirstTestNG" name="testmult" time="0.003"/>
  <system-out/>
  <testcase classname="com.tka.FirstTestNG" name="TestAdd" time="0.025"/>
  <system-out/>
  <testcase classname="com.tka.FirstTestNG" name="text" time="4.531"/>
  <system-out/>
</testsuite> <!-- com.tka.FirstTestNG -->
