<?xml version="1.0" encoding="UTF-8"?>
<!-- Generated by org.testng.reporters.JUnitReportReporter -->
<testsuite hostname="DESKTOP-6A5B43O" failures="0" tests="4" name="com.tka.testcases.OperatorsTestCases" time="7.891" errors="0" timestamp="2025-01-01T18:29:02 IST" skipped="3">
  <testcase classname="com.tka.testcases.OperatorsTestCases" name="VerifyThirdColData" time="7.891"/>
  <system-out/>
  <testcase classname="com.tka.testcases.OperatorsTestCases" name="VerifyTableHeading">
    <skipped/>
  </testcase> <!-- VerifyTableHeading -->
  <system-out/>
  <testcase classname="com.tka.testcases.OperatorsTestCases" name="VerifyPersonColData">
    <skipped/>
  </testcase> <!-- VerifyPersonColData -->
  <system-out/>
  <testcase classname="com.tka.testcases.OperatorsTestCases" name="verifyPageTitle">
    <skipped/>
  </testcase> <!-- verifyPageTitle -->
  <system-out/>
</testsuite> <!-- com.tka.testcases.OperatorsTestCases -->
