<?xml version="1.0" encoding="UTF-8"?>
<!-- Generated by org.testng.reporters.JUnitReportReporter -->
<testsuite hostname="DESKTOP-6A5B43O" failures="0" tests="1" name="com.tka.testcases.UsefulLinksTestCases" time="7.164" errors="0" timestamp="2025-01-01T18:29:02 IST" skipped="0">
  <testcase classname="com.tka.testcases.UsefulLinksTestCases" name="validateLinks" time="7.164"/>
  <system-out/>
</testsuite> <!-- com.tka.testcases.UsefulLinksTestCases -->
